2023-10-05 16:24:57.086 [info] Added views:workbench.panel.markers.view in workbench.panel.markers
2023-10-05 16:24:57.086 [info] Added views:workbench.panel.output in workbench.panel.output
2023-10-05 16:24:57.086 [info] Added views:terminal in terminal
2023-10-05 16:24:57.086 [info] Added views:outline in workbench.view.explorer
2023-10-05 16:24:57.086 [info] Added views:workbench.scm in workbench.view.scm
2023-10-05 16:24:57.086 [info] Added views:workbench.view.search in workbench.view.search
2023-10-05 16:24:57.086 [info] Added views:timeline in workbench.view.explorer
2023-10-05 16:24:57.086 [info] Added views:workbench.explorer.emptyView in workbench.view.explorer
2023-10-05 16:24:57.402 [info] Added views:workbench.debug.variablesView,workbench.debug.watchExpressionsView,workbench.debug.callStackView,workbench.debug.breakPointsView in workbench.view.debug
2023-10-05 16:24:58.516 [info] Added views:~remote.forwardedPorts in ~remote.forwardedPortsContainer
2023-10-05 16:24:58.747 [info] Added views:workbench.panel.repl.view in workbench.panel.repl
2023-10-05 16:24:58.750 [info] Removed views:workbench.debug.breakPointsView,workbench.debug.callStackView,workbench.debug.watchExpressionsView,workbench.debug.variablesView from workbench.view.debug
2023-10-05 16:24:58.752 [info] Added views:workbench.debug.welcome in workbench.view.debug
2023-10-05 16:25:06.078 [info] Added views:workbench.panel.markers.view in workbench.panel.markers
2023-10-05 16:25:06.078 [info] Added views:workbench.panel.output in workbench.panel.output
2023-10-05 16:25:06.078 [info] Added views:terminal in terminal
2023-10-05 16:25:06.078 [info] Added views:outline in workbench.view.explorer
2023-10-05 16:25:06.078 [info] Added views:workbench.scm in workbench.view.scm
2023-10-05 16:25:06.078 [info] Added views:workbench.view.search in workbench.view.search
2023-10-05 16:25:06.078 [info] Added views:timeline in workbench.view.explorer
2023-10-05 16:25:06.078 [info] Added views:workbench.explorer.fileView in workbench.view.explorer
2023-10-05 16:25:06.771 [info] Added views:workbench.debug.variablesView,workbench.debug.watchExpressionsView,workbench.debug.callStackView,workbench.debug.breakPointsView in workbench.view.debug
2023-10-05 16:25:07.143 [info] Added views:workbench.panel.repl.view in workbench.panel.repl
2023-10-05 16:25:07.143 [info] Removed views:workbench.debug.breakPointsView,workbench.debug.callStackView,workbench.debug.watchExpressionsView,workbench.debug.variablesView from workbench.view.debug
2023-10-05 16:25:07.144 [info] Added views:workbench.debug.welcome in workbench.view.debug
2023-10-05 16:25:07.213 [info] Added views:~remote.forwardedPorts in ~remote.forwardedPortsContainer
2023-10-05 16:25:16.088 [info] Added views:workbench.views.extensions.installed,workbench.views.extensions.popular,extensions.recommendedList in workbench.view.extensions
2023-10-05 16:25:16.098 [info] Removed views:workbench.views.extensions.popular from workbench.view.extensions
