2023-10-05 16:24:59.584 [info] Log level: Info
2023-10-05 16:24:59.584 [info] Validating found git in: "git"
2023-10-05 16:24:59.584 [info] Using git "2.40.1" from "git"
2023-10-05 16:25:10.960 [info] Log level: Info
2023-10-05 16:25:10.960 [info] Validating found git in: "git"
2023-10-05 16:25:10.960 [info] Using git "2.40.1" from "git"
2023-10-05 16:25:10.973 [info] > git rev-parse --show-toplevel [11ms]
2023-10-05 16:25:10.989 [info] > git rev-parse --git-dir --git-common-dir [5ms]
2023-10-05 16:25:11.011 [info] Open repository: /home/namelessnerd/Downloads/Install/Ultimate-Notes-Books-Resources-for-NCIT
2023-10-05 16:25:11.041 [info] > git rev-parse --show-toplevel [6ms]
2023-10-05 16:25:11.042 [info] > git config --get commit.template [15ms]
2023-10-05 16:25:11.069 [info] > git rev-parse --show-toplevel [11ms]
2023-10-05 16:25:11.076 [info] > git for-each-ref --format=%(refname)%00%(upstream:short)%00%(objectname)%00%(upstream:track)%00%(upstream:remotename)%00%(upstream:remoteref) refs/heads/master refs/remotes/master [9ms]
2023-10-05 16:25:11.085 [info] > git rev-parse --show-toplevel [10ms]
2023-10-05 16:25:11.096 [info] > git rev-parse --show-toplevel [3ms]
2023-10-05 16:25:11.104 [info] > git rev-parse --show-toplevel [2ms]
2023-10-05 16:25:11.112 [info] > git rev-parse --show-toplevel [2ms]
2023-10-05 16:25:11.120 [info] > git rev-parse --show-toplevel [2ms]
2023-10-05 16:25:11.128 [info] > git rev-parse --show-toplevel [2ms]
2023-10-05 16:25:11.137 [info] > git rev-parse --show-toplevel [1ms]
2023-10-05 16:25:11.149 [info] > git rev-parse --show-toplevel [3ms]
2023-10-05 16:25:11.159 [info] > git rev-parse --show-toplevel [1ms]
2023-10-05 16:25:11.170 [info] > git rev-parse --show-toplevel [2ms]
2023-10-05 16:25:11.177 [info] > git rev-parse --show-toplevel [2ms]
2023-10-05 16:25:11.184 [info] > git rev-parse --show-toplevel [1ms]
2023-10-05 16:25:11.191 [info] > git rev-parse --show-toplevel [2ms]
2023-10-05 16:25:11.198 [info] > git rev-parse --show-toplevel [1ms]
2023-10-05 16:25:11.204 [info] > git rev-parse --show-toplevel [1ms]
2023-10-05 16:25:11.211 [info] > git rev-parse --show-toplevel [1ms]
2023-10-05 16:25:11.219 [info] > git rev-parse --show-toplevel [2ms]
2023-10-05 16:25:11.226 [info] > git rev-parse --show-toplevel [2ms]
2023-10-05 16:25:11.233 [info] > git rev-parse --show-toplevel [2ms]
2023-10-05 16:25:11.240 [info] > git rev-parse --show-toplevel [2ms]
2023-10-05 16:25:11.251 [info] > git rev-parse --show-toplevel [3ms]
2023-10-05 16:25:11.259 [info] > git rev-parse --show-toplevel [1ms]
2023-10-05 16:25:11.268 [info] > git rev-parse --show-toplevel [1ms]
2023-10-05 16:25:11.278 [info] > git rev-parse --show-toplevel [2ms]
2023-10-05 16:25:11.285 [info] > git status -z -uall [201ms]
2023-10-05 16:25:11.318 [info] > git rev-parse --show-toplevel [35ms]
2023-10-05 16:25:11.325 [info] > git config --get commit.template [19ms]
2023-10-05 16:25:11.331 [info] > git rev-parse --show-toplevel [7ms]
2023-10-05 16:25:11.344 [info] > git for-each-ref --format=%(refname)%00%(upstream:short)%00%(objectname)%00%(upstream:track)%00%(upstream:remotename)%00%(upstream:remoteref) refs/heads/master refs/remotes/master [8ms]
2023-10-05 16:25:11.351 [info] > git rev-parse --show-toplevel [8ms]
2023-10-05 16:25:11.361 [info] > git rev-parse --show-toplevel [1ms]
2023-10-05 16:25:11.370 [info] > git rev-parse --show-toplevel [1ms]
2023-10-05 16:25:11.377 [info] > git rev-parse --show-toplevel [2ms]
2023-10-05 16:25:11.383 [info] > git rev-parse --show-toplevel [1ms]
2023-10-05 16:25:11.431 [info] > git rev-parse --show-toplevel [42ms]
2023-10-05 16:25:11.443 [info] > git rev-parse --show-toplevel [3ms]
2023-10-05 16:25:11.455 [info] > git rev-parse --show-toplevel [4ms]
2023-10-05 16:25:11.468 [info] > git rev-parse --show-toplevel [2ms]
2023-10-05 16:25:11.474 [info] > git rev-parse --show-toplevel [1ms]
2023-10-05 16:25:11.482 [info] > git rev-parse --show-toplevel [1ms]
2023-10-05 16:25:11.489 [info] > git rev-parse --show-toplevel [1ms]
2023-10-05 16:25:11.496 [info] > git rev-parse --show-toplevel [1ms]
2023-10-05 16:25:11.503 [info] > git rev-parse --show-toplevel [2ms]
2023-10-05 16:25:11.512 [info] > git rev-parse --show-toplevel [2ms]
2023-10-05 16:25:11.519 [info] > git rev-parse --show-toplevel [1ms]
2023-10-05 16:25:11.526 [info] > git rev-parse --show-toplevel [1ms]
2023-10-05 16:25:11.533 [info] > git status -z -uall [183ms]
2023-10-05 16:25:11.533 [info] > git rev-parse --show-toplevel [1ms]
2023-10-05 16:25:11.560 [info] > git rev-parse --show-toplevel [11ms]
2023-10-05 16:25:11.570 [info] > git check-ignore -v -z --stdin [11ms]
2023-10-05 16:25:11.571 [info] > git rev-parse --show-toplevel [2ms]
2023-10-05 16:25:11.578 [info] > git rev-parse --show-toplevel [1ms]
2023-10-05 16:25:11.586 [info] > git rev-parse --show-toplevel [2ms]
2023-10-05 16:25:11.594 [info] > git rev-parse --show-toplevel [2ms]
2023-10-05 16:25:11.602 [info] > git rev-parse --show-toplevel [2ms]
2023-10-05 16:25:11.613 [info] > git rev-parse --show-toplevel [4ms]
2023-10-05 16:25:11.622 [info] > git rev-parse --show-toplevel [2ms]
2023-10-05 16:25:11.632 [info] > git rev-parse --show-toplevel [2ms]
2023-10-05 16:25:11.710 [info] > git rev-parse --show-toplevel [71ms]
2023-10-05 16:25:11.723 [info] > git rev-parse --show-toplevel [3ms]
2023-10-05 16:25:11.730 [info] > git rev-parse --show-toplevel [1ms]
2023-10-05 16:25:11.737 [info] > git rev-parse --show-toplevel [1ms]
2023-10-05 16:25:11.744 [info] > git rev-parse --show-toplevel [1ms]
2023-10-05 16:25:11.751 [info] > git rev-parse --show-toplevel [1ms]
2023-10-05 16:25:11.762 [info] > git rev-parse --show-toplevel [5ms]
2023-10-05 16:25:11.768 [info] > git rev-parse --show-toplevel [1ms]
2023-10-05 16:25:11.775 [info] > git rev-parse --show-toplevel [1ms]
2023-10-05 16:25:11.782 [info] > git rev-parse --show-toplevel [2ms]
2023-10-05 16:25:11.788 [info] > git rev-parse --show-toplevel [1ms]
2023-10-05 16:25:11.795 [info] > git rev-parse --show-toplevel [1ms]
2023-10-05 16:25:11.802 [info] > git rev-parse --show-toplevel [2ms]
2023-10-05 16:25:11.808 [info] > git rev-parse --show-toplevel [1ms]
2023-10-05 16:25:11.815 [info] > git rev-parse --show-toplevel [1ms]
2023-10-05 16:25:11.822 [info] > git rev-parse --show-toplevel [1ms]
2023-10-05 16:25:11.829 [info] > git rev-parse --show-toplevel [2ms]
2023-10-05 16:25:11.835 [info] > git rev-parse --show-toplevel [1ms]
2023-10-05 16:25:11.842 [info] > git rev-parse --show-toplevel [1ms]
2023-10-05 16:25:13.033 [info] > git check-ignore -v -z --stdin [23ms]
2023-10-05 16:25:13.317 [info] > git config --get commit.template [25ms]
2023-10-05 16:25:13.321 [info] > git for-each-ref --format=%(refname)%00%(upstream:short)%00%(objectname)%00%(upstream:track)%00%(upstream:remotename)%00%(upstream:remoteref) refs/heads/master refs/remotes/master [8ms]
2023-10-05 16:25:13.551 [info] > git status -z -uall [211ms]
2023-10-05 16:25:23.092 [info] > git config --get commit.template [12ms]
2023-10-05 16:25:23.094 [info] > git for-each-ref --format=%(refname)%00%(upstream:short)%00%(objectname)%00%(upstream:track)%00%(upstream:remotename)%00%(upstream:remoteref) refs/heads/master refs/remotes/master [4ms]
2023-10-05 16:25:23.265 [info] > git status -z -uall [163ms]
2023-10-05 16:25:24.055 [info] > git check-ignore -v -z --stdin [8ms]
2023-10-05 16:25:28.340 [info] > git config --get commit.template [26ms]
2023-10-05 16:25:28.343 [info] > git for-each-ref --format=%(refname)%00%(upstream:short)%00%(objectname)%00%(upstream:track)%00%(upstream:remotename)%00%(upstream:remoteref) refs/heads/master refs/remotes/master [8ms]
2023-10-05 16:25:28.450 [info] > git check-ignore -v -z --stdin [3ms]
2023-10-05 16:25:28.571 [info] > git status -z -uall [208ms]
2023-10-05 16:25:46.153 [info] > git config --get commit.template [11ms]
2023-10-05 16:25:46.154 [info] > git for-each-ref --format=%(refname)%00%(upstream:short)%00%(objectname)%00%(upstream:track)%00%(upstream:remotename)%00%(upstream:remoteref) refs/heads/master refs/remotes/master [3ms]
2023-10-05 16:25:46.191 [info] > git status -z -uall [27ms]
2023-10-05 16:25:50.723 [info] > git check-ignore -v -z --stdin [15ms]
2023-10-05 16:25:51.285 [info] > git config --get commit.template [41ms]
2023-10-05 16:25:51.292 [info] > git for-each-ref --format=%(refname)%00%(upstream:short)%00%(objectname)%00%(upstream:track)%00%(upstream:remotename)%00%(upstream:remoteref) refs/heads/master refs/remotes/master [11ms]
2023-10-05 16:25:51.347 [info] > git status -z -uall [34ms]
2023-10-05 16:25:55.170 [info] > git check-ignore -v -z --stdin [10ms]
2023-10-05 16:25:56.391 [info] > git config --get commit.template [6ms]
2023-10-05 16:25:56.420 [info] > git for-each-ref --format=%(refname)%00%(upstream:short)%00%(objectname)%00%(upstream:track)%00%(upstream:remotename)%00%(upstream:remoteref) refs/heads/master refs/remotes/master [7ms]
2023-10-05 16:25:56.478 [info] > git status -z -uall [37ms]
2023-10-05 16:25:59.351 [info] > git check-ignore -v -z --stdin [12ms]
2023-10-05 16:26:01.539 [info] > git config --get commit.template [23ms]
2023-10-05 16:26:01.544 [info] > git for-each-ref --format=%(refname)%00%(upstream:short)%00%(objectname)%00%(upstream:track)%00%(upstream:remotename)%00%(upstream:remoteref) refs/heads/master refs/remotes/master [7ms]
2023-10-05 16:26:01.626 [info] > git status -z -uall [63ms]
2023-10-05 16:26:02.478 [info] > git check-ignore -v -z --stdin [9ms]
2023-10-05 16:26:06.667 [info] > git config --get commit.template [7ms]
2023-10-05 16:26:06.677 [info] > git for-each-ref --format=%(refname)%00%(upstream:short)%00%(objectname)%00%(upstream:track)%00%(upstream:remotename)%00%(upstream:remoteref) refs/heads/master refs/remotes/master [3ms]
2023-10-05 16:26:06.751 [info] > git status -z -uall [59ms]
2023-10-05 16:26:10.841 [info] > git check-ignore -v -z --stdin [3ms]
2023-10-05 16:26:11.820 [info] > git config --get commit.template [22ms]
2023-10-05 16:26:11.822 [info] > git for-each-ref --format=%(refname)%00%(upstream:short)%00%(objectname)%00%(upstream:track)%00%(upstream:remotename)%00%(upstream:remoteref) refs/heads/master refs/remotes/master [8ms]
2023-10-05 16:26:11.885 [info] > git status -z -uall [52ms]
2023-10-05 16:26:17.797 [info] > git for-each-ref --format=%(refname)%00%(upstream:short)%00%(objectname)%00%(upstream:track)%00%(upstream:remotename)%00%(upstream:remoteref) refs/heads/master refs/remotes/master [14ms]
2023-10-05 16:26:17.799 [info] > git config --get commit.template [26ms]
2023-10-05 16:26:17.862 [info] > git status -z -uall [44ms]
2023-10-05 16:26:22.921 [info] > git config --get commit.template [8ms]
2023-10-05 16:26:22.941 [info] > git for-each-ref --format=%(refname)%00%(upstream:short)%00%(objectname)%00%(upstream:track)%00%(upstream:remotename)%00%(upstream:remoteref) refs/heads/master refs/remotes/master [4ms]
2023-10-05 16:26:22.970 [info] > git status -z -uall [21ms]
2023-10-05 16:26:27.721 [info] > git show --textconv :TransportSecurity [8ms]
2023-10-05 16:26:27.724 [info] > git ls-files --stage -- /home/namelessnerd/Downloads/Install/Ultimate-Notes-Books-Resources-for-NCIT/TransportSecurity [4ms]
2023-10-05 16:26:28.025 [info] > git config --get commit.template [10ms]
2023-10-05 16:26:28.027 [info] > git for-each-ref --format=%(refname)%00%(upstream:short)%00%(objectname)%00%(upstream:track)%00%(upstream:remotename)%00%(upstream:remoteref) refs/heads/master refs/remotes/master [2ms]
2023-10-05 16:26:28.065 [info] > git status -z -uall [28ms]
2023-10-05 16:26:33.139 [info] > git config --get commit.template [25ms]
2023-10-05 16:26:33.141 [info] > git for-each-ref --format=%(refname)%00%(upstream:short)%00%(objectname)%00%(upstream:track)%00%(upstream:remotename)%00%(upstream:remoteref) refs/heads/master refs/remotes/master [4ms]
2023-10-05 16:26:33.176 [info] > git status -z -uall [23ms]
2023-10-05 16:26:37.995 [info] > git show --textconv :.gitignore [32ms]
2023-10-05 16:26:38.014 [info] > git ls-files --stage -- /home/namelessnerd/Downloads/Install/Ultimate-Notes-Books-Resources-for-NCIT/.gitignore [20ms]
2023-10-05 16:26:38.272 [info] > git config --get commit.template [38ms]
2023-10-05 16:26:38.311 [info] > git check-ignore -v -z --stdin [42ms]
2023-10-05 16:26:38.319 [info] > git for-each-ref --format=%(refname)%00%(upstream:short)%00%(objectname)%00%(upstream:track)%00%(upstream:remotename)%00%(upstream:remoteref) refs/heads/master refs/remotes/master [11ms]
2023-10-05 16:26:38.366 [info] > git status -z -uall [31ms]
2023-10-05 16:26:44.037 [info] > git config --get commit.template [3ms]
2023-10-05 16:26:44.055 [info] > git for-each-ref --format=%(refname)%00%(upstream:short)%00%(objectname)%00%(upstream:track)%00%(upstream:remotename)%00%(upstream:remoteref) refs/heads/master refs/remotes/master [3ms]
2023-10-05 16:26:44.086 [info] > git status -z -uall [21ms]
2023-10-05 16:26:49.158 [info] > git config --get commit.template [26ms]
2023-10-05 16:26:49.162 [info] > git for-each-ref --format=%(refname)%00%(upstream:short)%00%(objectname)%00%(upstream:track)%00%(upstream:remotename)%00%(upstream:remoteref) refs/heads/master refs/remotes/master [7ms]
2023-10-05 16:26:49.213 [info] > git status -z -uall [30ms]
2023-10-05 16:26:54.257 [info] > git config --get commit.template [7ms]
2023-10-05 16:26:54.258 [info] > git for-each-ref --format=%(refname)%00%(upstream:short)%00%(objectname)%00%(upstream:track)%00%(upstream:remotename)%00%(upstream:remoteref) refs/heads/master refs/remotes/master [2ms]
2023-10-05 16:26:54.282 [info] > git status -z -uall [18ms]
2023-10-05 16:26:59.322 [info] > git config --get commit.template [10ms]
2023-10-05 16:26:59.326 [info] > git for-each-ref --format=%(refname)%00%(upstream:short)%00%(objectname)%00%(upstream:track)%00%(upstream:remotename)%00%(upstream:remoteref) refs/heads/master refs/remotes/master [6ms]
2023-10-05 16:26:59.364 [info] > git status -z -uall [30ms]
2023-10-05 16:27:04.443 [info] > git config --get commit.template [32ms]
2023-10-05 16:27:04.448 [info] > git for-each-ref --format=%(refname)%00%(upstream:short)%00%(objectname)%00%(upstream:track)%00%(upstream:remotename)%00%(upstream:remoteref) refs/heads/master refs/remotes/master [9ms]
2023-10-05 16:27:04.521 [info] > git status -z -uall [52ms]
2023-10-05 16:27:09.203 [info] > git check-ignore -v -z --stdin [45ms]
2023-10-05 16:27:09.614 [info] > git config --get commit.template [36ms]
2023-10-05 16:27:09.619 [info] > git for-each-ref --format=%(refname)%00%(upstream:short)%00%(objectname)%00%(upstream:track)%00%(upstream:remotename)%00%(upstream:remoteref) refs/heads/master refs/remotes/master [9ms]
2023-10-05 16:27:09.725 [info] > git status -z -uall [75ms]
2023-10-05 16:27:14.804 [info] > git config --get commit.template [27ms]
2023-10-05 16:27:14.807 [info] > git for-each-ref --format=%(refname)%00%(upstream:short)%00%(objectname)%00%(upstream:track)%00%(upstream:remotename)%00%(upstream:remoteref) refs/heads/master refs/remotes/master [7ms]
2023-10-05 16:27:14.840 [info] > git status -z -uall [22ms]
2023-10-05 16:27:18.761 [info] > git check-ignore -v -z --stdin [56ms]
2023-10-05 16:27:19.907 [info] > git config --get commit.template [24ms]
2023-10-05 16:27:19.911 [info] > git for-each-ref --format=%(refname)%00%(upstream:short)%00%(objectname)%00%(upstream:track)%00%(upstream:remotename)%00%(upstream:remoteref) refs/heads/master refs/remotes/master [7ms]
2023-10-05 16:27:19.985 [info] > git status -z -uall [49ms]
2023-10-05 16:27:21.098 [info] > git check-ignore -v -z --stdin [14ms]
2023-10-05 16:27:25.064 [info] > git config --get commit.template [32ms]
2023-10-05 16:27:25.068 [info] > git for-each-ref --format=%(refname)%00%(upstream:short)%00%(objectname)%00%(upstream:track)%00%(upstream:remotename)%00%(upstream:remoteref) refs/heads/master refs/remotes/master [11ms]
2023-10-05 16:27:25.099 [info] > git status -z -uall [21ms]
2023-10-05 16:27:25.292 [info] > git check-ignore -v -z --stdin [16ms]
2023-10-05 16:27:29.999 [info] > git check-ignore -v -z --stdin [38ms]
2023-10-05 16:27:30.144 [info] > git config --get commit.template [5ms]
2023-10-05 16:27:30.179 [info] > git for-each-ref --format=%(refname)%00%(upstream:short)%00%(objectname)%00%(upstream:track)%00%(upstream:remotename)%00%(upstream:remoteref) refs/heads/master refs/remotes/master [10ms]
2023-10-05 16:27:30.274 [info] > git status -z -uall [64ms]
2023-10-05 16:27:31.903 [info] > git check-ignore -v -z --stdin [28ms]
2023-10-05 16:27:35.336 [info] > git config --get commit.template [15ms]
2023-10-05 16:27:35.337 [info] > git for-each-ref --format=%(refname)%00%(upstream:short)%00%(objectname)%00%(upstream:track)%00%(upstream:remotename)%00%(upstream:remoteref) refs/heads/master refs/remotes/master [3ms]
2023-10-05 16:27:35.364 [info] > git status -z -uall [19ms]
2023-10-05 16:27:35.790 [info] > git check-ignore -v -z --stdin [24ms]
2023-10-05 16:27:38.522 [info] > git check-ignore -v -z --stdin [25ms]
2023-10-05 16:27:40.406 [info] > git config --get commit.template [10ms]
2023-10-05 16:27:40.408 [info] > git for-each-ref --format=%(refname)%00%(upstream:short)%00%(objectname)%00%(upstream:track)%00%(upstream:remotename)%00%(upstream:remoteref) refs/heads/master refs/remotes/master [2ms]
2023-10-05 16:27:40.467 [info] > git status -z -uall [49ms]
2023-10-05 16:27:41.109 [info] > git check-ignore -v -z --stdin [24ms]
2023-10-05 16:27:44.576 [info] > git check-ignore -v -z --stdin [40ms]
2023-10-05 16:27:45.543 [info] > git config --get commit.template [16ms]
2023-10-05 16:27:45.544 [info] > git for-each-ref --format=%(refname)%00%(upstream:short)%00%(objectname)%00%(upstream:track)%00%(upstream:remotename)%00%(upstream:remoteref) refs/heads/master refs/remotes/master [3ms]
2023-10-05 16:27:45.575 [info] > git status -z -uall [21ms]
2023-10-05 16:27:46.428 [info] > git check-ignore -v -z --stdin [29ms]
2023-10-05 16:27:49.424 [info] > git check-ignore -v -z --stdin [26ms]
2023-10-05 16:27:50.640 [info] > git config --get commit.template [25ms]
2023-10-05 16:27:50.644 [info] > git for-each-ref --format=%(refname)%00%(upstream:short)%00%(objectname)%00%(upstream:track)%00%(upstream:remotename)%00%(upstream:remoteref) refs/heads/master refs/remotes/master [6ms]
2023-10-05 16:27:50.687 [info] > git status -z -uall [28ms]
2023-10-05 16:27:52.675 [info] > git check-ignore -v -z --stdin [26ms]
2023-10-05 16:27:55.237 [info] > git check-ignore -v -z --stdin [22ms]
2023-10-05 16:27:55.752 [info] > git config --get commit.template [23ms]
2023-10-05 16:27:55.756 [info] > git for-each-ref --format=%(refname)%00%(upstream:short)%00%(objectname)%00%(upstream:track)%00%(upstream:remotename)%00%(upstream:remoteref) refs/heads/master refs/remotes/master [6ms]
2023-10-05 16:27:55.803 [info] > git status -z -uall [25ms]
2023-10-05 16:28:00.837 [info] > git config --get commit.template [3ms]
2023-10-05 16:28:00.860 [info] > git for-each-ref --format=%(refname)%00%(upstream:short)%00%(objectname)%00%(upstream:track)%00%(upstream:remotename)%00%(upstream:remoteref) refs/heads/master refs/remotes/master [4ms]
2023-10-05 16:28:00.926 [info] > git status -z -uall [56ms]
2023-10-05 16:28:06.017 [info] > git config --get commit.template [36ms]
2023-10-05 16:28:06.021 [info] > git for-each-ref --format=%(refname)%00%(upstream:short)%00%(objectname)%00%(upstream:track)%00%(upstream:remotename)%00%(upstream:remoteref) refs/heads/master refs/remotes/master [7ms]
2023-10-05 16:28:06.133 [info] > git status -z -uall [82ms]
2023-10-05 16:28:11.176 [info] > git config --get commit.template [10ms]
2023-10-05 16:28:11.178 [info] > git for-each-ref --format=%(refname)%00%(upstream:short)%00%(objectname)%00%(upstream:track)%00%(upstream:remotename)%00%(upstream:remoteref) refs/heads/master refs/remotes/master [3ms]
2023-10-05 16:28:11.213 [info] > git status -z -uall [26ms]
2023-10-05 16:28:16.259 [info] > git config --get commit.template [13ms]
2023-10-05 16:28:16.261 [info] > git for-each-ref --format=%(refname)%00%(upstream:short)%00%(objectname)%00%(upstream:track)%00%(upstream:remotename)%00%(upstream:remoteref) refs/heads/master refs/remotes/master [3ms]
2023-10-05 16:28:16.286 [info] > git status -z -uall [18ms]
2023-10-05 16:28:18.873 [info] > git check-ignore -v -z --stdin [27ms]
2023-10-05 16:28:21.285 [info] > git check-ignore -v -z --stdin [24ms]
2023-10-05 16:28:21.322 [info] > git config --get commit.template [10ms]
2023-10-05 16:28:21.323 [info] > git for-each-ref --format=%(refname)%00%(upstream:short)%00%(objectname)%00%(upstream:track)%00%(upstream:remotename)%00%(upstream:remoteref) refs/heads/master refs/remotes/master [2ms]
2023-10-05 16:28:21.358 [info] > git status -z -uall [26ms]
2023-10-05 16:28:25.469 [info] > git check-ignore -v -z --stdin [17ms]
2023-10-05 16:29:08.721 [info] > git config --get commit.template [25ms]
2023-10-05 16:29:08.740 [info] > git for-each-ref --format=%(refname)%00%(upstream:short)%00%(objectname)%00%(upstream:track)%00%(upstream:remotename)%00%(upstream:remoteref) refs/heads/master refs/remotes/master [3ms]
2023-10-05 16:29:08.801 [info] > git status -z -uall [45ms]
2023-10-05 16:29:13.860 [info] > git for-each-ref --format=%(refname)%00%(upstream:short)%00%(objectname)%00%(upstream:track)%00%(upstream:remotename)%00%(upstream:remoteref) refs/heads/master refs/remotes/master [13ms]
2023-10-05 16:29:13.860 [info] > git config --get commit.template [24ms]
2023-10-05 16:29:13.885 [info] > git status -z -uall [19ms]
2023-10-05 16:29:14.675 [info] > git check-ignore -v -z --stdin [16ms]
2023-10-05 16:29:18.932 [info] > git config --get commit.template [6ms]
2023-10-05 16:29:18.959 [info] > git for-each-ref --format=%(refname)%00%(upstream:short)%00%(objectname)%00%(upstream:track)%00%(upstream:remotename)%00%(upstream:remoteref) refs/heads/master refs/remotes/master [6ms]
2023-10-05 16:29:19.010 [info] > git status -z -uall [31ms]
2023-10-05 16:29:23.384 [info] > git check-ignore -v -z --stdin [21ms]
2023-10-05 16:29:24.077 [info] > git config --get commit.template [24ms]
2023-10-05 16:29:24.081 [info] > git for-each-ref --format=%(refname)%00%(upstream:short)%00%(objectname)%00%(upstream:track)%00%(upstream:remotename)%00%(upstream:remoteref) refs/heads/master refs/remotes/master [7ms]
2023-10-05 16:29:24.136 [info] > git status -z -uall [35ms]
2023-10-05 16:29:25.436 [info] > git check-ignore -v -z --stdin [23ms]
2023-10-05 16:29:27.367 [info] > git check-ignore -v -z --stdin [26ms]
2023-10-05 16:29:29.173 [info] > git config --get commit.template [11ms]
2023-10-05 16:29:29.174 [info] > git for-each-ref --format=%(refname)%00%(upstream:short)%00%(objectname)%00%(upstream:track)%00%(upstream:remotename)%00%(upstream:remoteref) refs/heads/master refs/remotes/master [2ms]
2023-10-05 16:29:29.203 [info] > git status -z -uall [21ms]
2023-10-05 16:29:33.551 [info] > git check-ignore -v -z --stdin [43ms]
2023-10-05 16:29:34.264 [info] > git config --get commit.template [17ms]
2023-10-05 16:29:34.266 [info] > git for-each-ref --format=%(refname)%00%(upstream:short)%00%(objectname)%00%(upstream:track)%00%(upstream:remotename)%00%(upstream:remoteref) refs/heads/master refs/remotes/master [4ms]
2023-10-05 16:29:34.311 [info] > git status -z -uall [35ms]
2023-10-05 16:29:35.571 [info] > git show --textconv :TransportSecurity [43ms]
2023-10-05 16:29:35.578 [info] > git ls-files --stage -- /home/namelessnerd/Downloads/Install/Ultimate-Notes-Books-Resources-for-NCIT/TransportSecurity [16ms]
2023-10-05 16:29:39.392 [info] > git config --get commit.template [24ms]
2023-10-05 16:29:39.396 [info] > git for-each-ref --format=%(refname)%00%(upstream:short)%00%(objectname)%00%(upstream:track)%00%(upstream:remotename)%00%(upstream:remoteref) refs/heads/master refs/remotes/master [6ms]
2023-10-05 16:29:39.457 [info] > git status -z -uall [41ms]
2023-10-05 16:29:39.698 [info] > git check-ignore -v -z --stdin [12ms]
2023-10-05 16:29:41.687 [info] > git check-ignore -v -z --stdin [6ms]
2023-10-05 16:29:44.534 [info] > git config --get commit.template [33ms]
2023-10-05 16:29:44.541 [info] > git for-each-ref --format=%(refname)%00%(upstream:short)%00%(objectname)%00%(upstream:track)%00%(upstream:remotename)%00%(upstream:remoteref) refs/heads/master refs/remotes/master [11ms]
2023-10-05 16:29:44.644 [info] > git status -z -uall [76ms]
2023-10-05 16:29:49.732 [info] > git config --get commit.template [28ms]
2023-10-05 16:29:49.736 [info] > git for-each-ref --format=%(refname)%00%(upstream:short)%00%(objectname)%00%(upstream:track)%00%(upstream:remotename)%00%(upstream:remoteref) refs/heads/master refs/remotes/master [7ms]
2023-10-05 16:29:49.811 [info] > git status -z -uall [48ms]
2023-10-05 16:29:54.886 [info] > git config --get commit.template [24ms]
2023-10-05 16:29:54.891 [info] > git for-each-ref --format=%(refname)%00%(upstream:short)%00%(objectname)%00%(upstream:track)%00%(upstream:remotename)%00%(upstream:remoteref) refs/heads/master refs/remotes/master [6ms]
2023-10-05 16:29:54.937 [info] > git status -z -uall [30ms]
2023-10-05 16:29:58.034 [info] > git check-ignore -v -z --stdin [66ms]
2023-10-05 16:29:59.916 [info] > git check-ignore -v -z --stdin [18ms]
2023-10-05 16:30:00.005 [info] > git config --get commit.template [28ms]
2023-10-05 16:30:00.009 [info] > git for-each-ref --format=%(refname)%00%(upstream:short)%00%(objectname)%00%(upstream:track)%00%(upstream:remotename)%00%(upstream:remoteref) refs/heads/master refs/remotes/master [7ms]
2023-10-05 16:30:00.039 [info] > git status -z -uall [19ms]
2023-10-05 16:30:05.125 [info] > git config --get commit.template [38ms]
2023-10-05 16:30:05.133 [info] > git for-each-ref --format=%(refname)%00%(upstream:short)%00%(objectname)%00%(upstream:track)%00%(upstream:remotename)%00%(upstream:remoteref) refs/heads/master refs/remotes/master [11ms]
2023-10-05 16:30:05.189 [info] > git status -z -uall [34ms]
2023-10-05 16:30:08.630 [info] > git check-ignore -v -z --stdin [27ms]
2023-10-05 16:30:10.229 [info] > git config --get commit.template [10ms]
2023-10-05 16:30:10.231 [info] > git for-each-ref --format=%(refname)%00%(upstream:short)%00%(objectname)%00%(upstream:track)%00%(upstream:remotename)%00%(upstream:remoteref) refs/heads/master refs/remotes/master [3ms]
2023-10-05 16:30:10.264 [info] > git status -z -uall [25ms]
2023-10-05 16:30:13.145 [info] > git check-ignore -v -z --stdin [27ms]
2023-10-05 16:30:15.323 [info] > git config --get commit.template [12ms]
2023-10-05 16:30:15.324 [info] > git for-each-ref --format=%(refname)%00%(upstream:short)%00%(objectname)%00%(upstream:track)%00%(upstream:remotename)%00%(upstream:remoteref) refs/heads/master refs/remotes/master [2ms]
2023-10-05 16:30:15.350 [info] > git status -z -uall [19ms]
2023-10-05 16:30:17.393 [info] > git check-ignore -v -z --stdin [38ms]
2023-10-05 16:30:18.993 [info] > git check-ignore -v -z --stdin [18ms]
2023-10-05 16:30:20.416 [info] > git config --get commit.template [27ms]
2023-10-05 16:30:20.419 [info] > git for-each-ref --format=%(refname)%00%(upstream:short)%00%(objectname)%00%(upstream:track)%00%(upstream:remotename)%00%(upstream:remoteref) refs/heads/master refs/remotes/master [8ms]
2023-10-05 16:30:20.464 [info] > git status -z -uall [29ms]
2023-10-05 16:30:25.100 [info] > git check-ignore -v -z --stdin [29ms]
2023-10-05 16:30:25.531 [info] > git config --get commit.template [24ms]
2023-10-05 16:30:25.534 [info] > git for-each-ref --format=%(refname)%00%(upstream:short)%00%(objectname)%00%(upstream:track)%00%(upstream:remotename)%00%(upstream:remoteref) refs/heads/master refs/remotes/master [5ms]
2023-10-05 16:30:25.573 [info] > git status -z -uall [25ms]
2023-10-05 16:30:29.010 [info] > git check-ignore -v -z --stdin [23ms]
2023-10-05 16:30:30.138 [info] > git check-ignore -v -z --stdin [19ms]
2023-10-05 16:30:30.649 [info] > git config --get commit.template [24ms]
2023-10-05 16:30:30.652 [info] > git for-each-ref --format=%(refname)%00%(upstream:short)%00%(objectname)%00%(upstream:track)%00%(upstream:remotename)%00%(upstream:remoteref) refs/heads/master refs/remotes/master [6ms]
2023-10-05 16:30:30.690 [info] > git status -z -uall [24ms]
2023-10-05 16:30:35.766 [info] > git config --get commit.template [27ms]
2023-10-05 16:30:35.767 [info] > git for-each-ref --format=%(refname)%00%(upstream:short)%00%(objectname)%00%(upstream:track)%00%(upstream:remotename)%00%(upstream:remoteref) refs/heads/master refs/remotes/master [4ms]
2023-10-05 16:30:35.804 [info] > git status -z -uall [26ms]
2023-10-05 16:30:36.144 [info] > git check-ignore -v -z --stdin [26ms]
2023-10-05 16:30:38.781 [info] > git check-ignore -v -z --stdin [17ms]
2023-10-05 16:30:40.873 [info] > git config --get commit.template [25ms]
2023-10-05 16:30:40.879 [info] > git for-each-ref --format=%(refname)%00%(upstream:short)%00%(objectname)%00%(upstream:track)%00%(upstream:remotename)%00%(upstream:remoteref) refs/heads/master refs/remotes/master [9ms]
2023-10-05 16:30:40.932 [info] > git status -z -uall [32ms]
2023-10-05 16:30:43.105 [info] > git check-ignore -v -z --stdin [24ms]
2023-10-05 16:30:44.194 [info] > git check-ignore -v -z --stdin [24ms]
2023-10-05 16:30:46.001 [info] > git config --get commit.template [24ms]
2023-10-05 16:30:46.006 [info] > git for-each-ref --format=%(refname)%00%(upstream:short)%00%(objectname)%00%(upstream:track)%00%(upstream:remotename)%00%(upstream:remoteref) refs/heads/master refs/remotes/master [6ms]
2023-10-05 16:30:46.061 [info] > git status -z -uall [32ms]
2023-10-05 16:30:49.690 [info] > git ls-files --stage -- /home/namelessnerd/Downloads/Install/Ultimate-Notes-Books-Resources-for-NCIT/.gitignore [9ms]
2023-10-05 16:30:49.716 [info] > git cat-file -s 62bc02ec1e0140ef002b3585832530795a02ede2 [5ms]
2023-10-05 16:30:49.735 [info] > git show --textconv :.gitignore [4ms]
2023-10-05 16:30:51.126 [info] > git config --get commit.template [25ms]
2023-10-05 16:30:51.131 [info] > git for-each-ref --format=%(refname)%00%(upstream:short)%00%(objectname)%00%(upstream:track)%00%(upstream:remotename)%00%(upstream:remoteref) refs/heads/master refs/remotes/master [7ms]
2023-10-05 16:30:51.412 [info] > git status -z -uall [259ms]
2023-10-05 16:30:56.444 [info] > git config --get commit.template [8ms]
2023-10-05 16:30:56.446 [info] > git for-each-ref --format=%(refname)%00%(upstream:short)%00%(objectname)%00%(upstream:track)%00%(upstream:remotename)%00%(upstream:remoteref) refs/heads/master refs/remotes/master [2ms]
2023-10-05 16:30:56.711 [info] > git status -z -uall [255ms]
2023-10-05 16:30:59.678 [info] > git check-ignore -v -z --stdin [45ms]
2023-10-05 16:31:01.743 [info] > git config --get commit.template [8ms]
2023-10-05 16:31:01.744 [info] > git for-each-ref --format=%(refname)%00%(upstream:short)%00%(objectname)%00%(upstream:track)%00%(upstream:remotename)%00%(upstream:remoteref) refs/heads/master refs/remotes/master [2ms]
