2023-10-05 16:24:58.897 [info] Reading sessions from keychain...
2023-10-05 16:24:58.897 [info] Getting sessions for all scopes...
2023-10-05 16:24:58.899 [info] Getting sessions for user:email...
2023-10-05 16:24:58.920 [info] Got 0 sessions for ...
2023-10-05 16:24:58.921 [info] Got 0 sessions for user:email...
2023-10-05 16:24:59.226 [info] Getting sessions for all scopes...
2023-10-05 16:24:59.226 [info] Got 0 sessions for ...
2023-10-05 16:24:59.568 [info] Getting sessions for all scopes...
2023-10-05 16:24:59.568 [info] Got 0 sessions for ...
2023-10-05 16:25:07.823 [info] Reading sessions from keychain...
2023-10-05 16:25:07.823 [info] Getting sessions for all scopes...
2023-10-05 16:25:07.823 [info] Getting sessions for user:email...
2023-10-05 16:25:07.867 [info] Got 0 sessions for ...
2023-10-05 16:25:07.868 [info] Got 0 sessions for user:email...
2023-10-05 16:25:07.921 [info] Getting sessions for all scopes...
2023-10-05 16:25:07.921 [info] Got 0 sessions for ...
2023-10-05 16:25:07.941 [info] Getting sessions for all scopes...
2023-10-05 16:25:07.941 [info] Got 0 sessions for ...
2023-10-05 16:25:11.343 [info] Getting sessions for read:user,repo,user:email,workflow...
2023-10-05 16:25:11.343 [info] Got 0 sessions for read:user,repo,user:email,workflow...
